This file contains any messages produced by compilers while
running configure, to aid debugging if configure makes a mistake.

It was created by tsung configure 1.4.2, which was
generated by GNU Autoconf 2.68.  Invocation command line was

  $ ./configure --no-create --no-recursion

## --------- ##
## Platform. ##
## --------- ##

hostname = selee-dev.localdomain
uname -m = i686
uname -r = 2.6.38.6-26.rc1.fc15.i686
uname -s = Linux
uname -v = #1 SMP Mon May 9 20:43:14 UTC 2011

/usr/bin/uname -p = unknown
/bin/uname -X     = unknown

/bin/arch              = i686
/usr/bin/arch -k       = unknown
/usr/convex/getsysinfo = unknown
/usr/bin/hostinfo      = unknown
/bin/machine           = unknown
/usr/bin/oslevel       = unknown
/bin/universe          = unknown

PATH: /usr/local/sbin
PATH: /usr/local/bin
PATH: /sbin
PATH: /bin
PATH: /usr/sbin
PATH: /usr/bin
PATH: /usr/local/rvm/bin
PATH: /root/bin


## ----------- ##
## Core tests. ##
## ----------- ##

configure:1769: checking for sed
configure:1787: found /bin/sed
configure:1799: result: /bin/sed
configure:1871: checking for erlc
configure:1890: found /usr/bin/erlc
configure:1902: result: /usr/bin/erlc
configure:1979: checking for erl
configure:1998: found /usr/bin/erl
configure:2010: result: /usr/bin/erl
configure:2038: checking for erl
configure:2056: found /usr/bin/erl
configure:2068: result: /usr/bin/erl
configure:2127: checking for erlc
configure:2129: result: /usr/bin/erlc
configure:2237: checking for erl
configure:2239: result: /usr/bin/erl
configure:2346: checking for Erlang/OTP root directory
configure:2372: $ERLC $ERLCFLAGS -b beam conftest.$ac_ext >&5 && echo "#!/bin/sh" > conftest$ac_exeext && $as_echo "\"$ERL\" -run conftest start -run init stop -noshell" >> conftest$ac_exeext && chmod +x conftest$ac_exeext
configure:2372: $? = 0
configure:2372: ./conftest
configure:2372: $? = 0
configure:2391: result: /usr/lib/erlang
configure:2397: checking for Erlang/OTP '-hybrid' option
configure:2400: result: no
configure:2408: checking for Erlang/OTP 'xmerl' library subdirectory
configure:2439: $ERLC $ERLCFLAGS -b beam conftest.$ac_ext >&5 && echo "#!/bin/sh" > conftest$ac_exeext && $as_echo "\"$ERL\" -run conftest start -run init stop -noshell" >> conftest$ac_exeext && chmod +x conftest$ac_exeext
configure:2439: $? = 0
configure:2439: ./conftest
configure:2439: $? = 0
configure:2462: result: /usr/lib/erlang/lib/xmerl-1.2.10
configure:2464: checking for Erlang/OTP 'xmerl' library version
configure:2475: result: 1.2.10
configure:2485: checking for Erlang/OTP 'ssl' library subdirectory
configure:2516: $ERLC $ERLCFLAGS -b beam conftest.$ac_ext >&5 && echo "#!/bin/sh" > conftest$ac_exeext && $as_echo "\"$ERL\" -run conftest start -run init stop -noshell" >> conftest$ac_exeext && chmod +x conftest$ac_exeext
configure:2516: $? = 0
configure:2516: ./conftest
configure:2516: $? = 0
configure:2539: result: /usr/lib/erlang/lib/ssl-4.1.6
configure:2541: checking for Erlang/OTP 'ssl' library version
configure:2552: result: 4.1.6
configure:2562: checking for Erlang/OTP 'crypto' library subdirectory
configure:2593: $ERLC $ERLCFLAGS -b beam conftest.$ac_ext >&5 && echo "#!/bin/sh" > conftest$ac_exeext && $as_echo "\"$ERL\" -run conftest start -run init stop -noshell" >> conftest$ac_exeext && chmod +x conftest$ac_exeext
configure:2593: $? = 0
configure:2593: ./conftest
configure:2593: $? = 0
configure:2616: result: /usr/lib/erlang/lib/crypto-2.0.4
configure:2618: checking for Erlang/OTP 'crypto' library version
configure:2629: result: 2.0.4
configure:2639: checking for Erlang/OTP 'public_key' library subdirectory
configure:2670: $ERLC $ERLCFLAGS -b beam conftest.$ac_ext >&5 && echo "#!/bin/sh" > conftest$ac_exeext && $as_echo "\"$ERL\" -run conftest start -run init stop -noshell" >> conftest$ac_exeext && chmod +x conftest$ac_exeext
configure:2670: $? = 0
configure:2670: ./conftest
configure:2670: $? = 0
configure:2693: result: /usr/lib/erlang/lib/public_key-0.13
configure:2695: checking for Erlang/OTP 'public_key' library version
configure:2706: result: 0.13
configure:2717: checking if Erlang/OTP SSL application is running fine
configure:2742: $ERLC $ERLCFLAGS -b beam conftest.$ac_ext >&5 && echo "#!/bin/sh" > conftest$ac_exeext && $as_echo "\"$ERL\" -run conftest start -run init stop -noshell" >> conftest$ac_exeext && chmod +x conftest$ac_exeext
./conftest.erl:7: Warning: variable 'Err' is unused
configure:2742: $? = 0
configure:2742: ./conftest
configure:2742: $? = 1
configure: program exited with status 1
configure: failed program was:
| -module(conftest).
| -export([start/0]).
| 
| start() ->
|          case application:start(ssl) of
|            ok  -> ok;
|            Err -> halt(1)
|          end,
|          halt(0)
| .
| 
configure:2768: $ERLC $ERLCFLAGS -b beam conftest.$ac_ext >&5 && echo "#!/bin/sh" > conftest$ac_exeext && $as_echo "\"$ERL\" -run conftest start -run init stop -noshell" >> conftest$ac_exeext && chmod +x conftest$ac_exeext
./conftest.erl:9: Warning: variable 'Err' is unused
configure:2768: $? = 0
configure:2768: ./conftest
configure:2768: $? = 0
configure:2788: result: yes
configure:2793: checking if Erlang/OTP crypto application is running fine
configure:2825: $ERLC $ERLCFLAGS -b beam conftest.$ac_ext >&5 && echo "#!/bin/sh" > conftest$ac_exeext && $as_echo "\"$ERL\" -run conftest start -run init stop -noshell" >> conftest$ac_exeext && chmod +x conftest$ac_exeext
configure:2825: $? = 0
configure:2825: ./conftest
configure:2825: $? = 0
configure:2837: result: yes
configure:2840: checking if orelse is allowed in guards
configure:2865: $ERLC $ERLCFLAGS -b beam conftest.$ac_ext >&5 && echo "#!/bin/sh" > conftest$ac_exeext && $as_echo "\"$ERL\" -run conftest start -run init stop -noshell" >> conftest$ac_exeext && chmod +x conftest$ac_exeext
configure:2865: $? = 0
configure:2865: ./conftest
configure:2865: $? = 0
configure:2877: result: yes
configure:2889: checking whether make sets $(MAKE)
configure:2911: result: yes
configure:2963: checking for a BSD-compatible install
configure:3031: result: /usr/bin/install -c
configure:3071: Storing library files in /usr/lib
configure:3101: Storing data files in /usr/share/tsung
configure:3257: creating ./config.status

## ---------------- ##
## Cache variables. ##
## ---------------- ##

ac_cv_env_ERLCFLAGS_set=
ac_cv_env_ERLCFLAGS_value=
ac_cv_env_ERLC_set=
ac_cv_env_ERLC_value=
ac_cv_env_ERL_set=
ac_cv_env_ERL_value=
ac_cv_env_build_alias_set=
ac_cv_env_build_alias_value=
ac_cv_env_host_alias_set=
ac_cv_env_host_alias_value=
ac_cv_env_target_alias_set=
ac_cv_env_target_alias_value=
ac_cv_erlang_lib_dir_crypto=/usr/lib/erlang/lib/crypto-2.0.4
ac_cv_erlang_lib_dir_public_key=/usr/lib/erlang/lib/public_key-0.13
ac_cv_erlang_lib_dir_ssl=/usr/lib/erlang/lib/ssl-4.1.6
ac_cv_erlang_lib_dir_xmerl=/usr/lib/erlang/lib/xmerl-1.2.10
ac_cv_erlang_lib_ver_crypto=2.0.4
ac_cv_erlang_lib_ver_public_key=0.13
ac_cv_erlang_lib_ver_ssl=4.1.6
ac_cv_erlang_lib_ver_xmerl=1.2.10
ac_cv_erlang_root_dir=/usr/lib/erlang
ac_cv_path_SED=/bin/sed
ac_cv_path_ac_prefix_program=/usr/bin/erl
ac_cv_path_ac_pt_ERL=/usr/bin/erl
ac_cv_path_ac_pt_ERLC=/usr/bin/erlc
ac_cv_path_install='/usr/bin/install -c'
ac_cv_prog_make_make_set=yes
erlang_cv_crypto_runnable=yes
erlang_cv_orelse=yes
erlang_cv_ssl_runnable=yes

## ----------------- ##
## Output variables. ##
## ----------------- ##

CONFIGURE_DEPENDENCIES='vsn.mk'
CONFIG_STATUS_DEPENDENCIES='vsn.mk'
DEFS='-DPACKAGE_NAME=\"tsung\" -DPACKAGE_TARNAME=\"tsung\" -DPACKAGE_VERSION=\"1.4.2\" -DPACKAGE_STRING=\"tsung\ 1.4.2\" -DPACKAGE_BUGREPORT=\"tsung-users@process-one.net\" -DPACKAGE_URL=\"\"'
DTD='tsung-1.0.dtd'
ECHO_C=''
ECHO_N='-n'
ECHO_T=''
ERL='/usr/bin/erl'
ERLANG_APPLICATIONS='kernel,stdlib,crypto,public_key,ssl,crypto'
ERLANG_LIB_DIR_crypto='/usr/lib/erlang/lib/crypto-2.0.4'
ERLANG_LIB_DIR_public_key='/usr/lib/erlang/lib/public_key-0.13'
ERLANG_LIB_DIR_ssl='/usr/lib/erlang/lib/ssl-4.1.6'
ERLANG_LIB_DIR_xmerl='/usr/lib/erlang/lib/xmerl-1.2.10'
ERLANG_LIB_VER_crypto='2.0.4'
ERLANG_LIB_VER_public_key='0.13'
ERLANG_LIB_VER_ssl='4.1.6'
ERLANG_LIB_VER_xmerl='1.2.10'
ERLANG_ROOT_DIR='/usr/lib/erlang'
ERLC='/usr/bin/erlc'
ERLCFLAGS=''
ERL_OPTS=''
EXPANDED_LIBDIR='/usr/lib'
EXPANDED_SHAREDIR='/usr/share/tsung'
INSTALL_DATA='${INSTALL} -m 644'
INSTALL_PROGRAM='${INSTALL}'
INSTALL_SCRIPT='${INSTALL}'
LIBOBJS=''
LIBS=''
LTLIBOBJS=''
PACKAGE_BUGREPORT='tsung-users@process-one.net'
PACKAGE_NAME='tsung'
PACKAGE_STRING='tsung 1.4.2'
PACKAGE_TARNAME='tsung'
PACKAGE_URL=''
PACKAGE_VERSION='1.4.2'
PATH_SEPARATOR=':'
SED='/bin/sed'
SET_MAKE=''
SHELL='/bin/sh'
TEMPLATES_SUBDIR='tsung/templates'
ac_prefix_program='/usr/bin/erl'
bindir='${exec_prefix}/bin'
build_alias=''
datadir='${datarootdir}'
datarootdir='${prefix}/share'
docdir='${datarootdir}/doc/${PACKAGE_TARNAME}'
dvidir='${docdir}'
erlang_cv_orelse='yes'
exec_prefix='${prefix}'
host_alias=''
htmldir='${docdir}'
includedir='${prefix}/include'
infodir='${datarootdir}/info'
libdir='${exec_prefix}/lib'
libexecdir='${exec_prefix}/libexec'
localedir='${datarootdir}/locale'
localstatedir='${prefix}/var'
mandir='${datarootdir}/man'
oldincludedir='/usr/include'
pdfdir='${docdir}'
prefix='/usr'
program_transform_name='s,x,x,'
psdir='${docdir}'
sbindir='${exec_prefix}/sbin'
sharedstatedir='${prefix}/com'
sysconfdir='${prefix}/etc'
target_alias=''

## ----------- ##
## confdefs.h. ##
## ----------- ##

/* confdefs.h */
#define PACKAGE_NAME "tsung"
#define PACKAGE_TARNAME "tsung"
#define PACKAGE_VERSION "1.4.2"
#define PACKAGE_STRING "tsung 1.4.2"
#define PACKAGE_BUGREPORT "tsung-users@process-one.net"
#define PACKAGE_URL ""

configure: exit 0

## ---------------------- ##
## Running config.status. ##
## ---------------------- ##

This file was extended by tsung config.status 1.4.2, which was
generated by GNU Autoconf 2.68.  Invocation command line was

  CONFIG_FILES    = 
  CONFIG_HEADERS  = 
  CONFIG_LINKS    = 
  CONFIG_COMMANDS = 
  $ ./config.status --file=Makefile

on selee-dev.localdomain

config.status:762: creating Makefile

## ---------------------- ##
## Running config.status. ##
## ---------------------- ##

This file was extended by tsung config.status 1.4.2, which was
generated by GNU Autoconf 2.68.  Invocation command line was

  CONFIG_FILES    = 
  CONFIG_HEADERS  = 
  CONFIG_LINKS    = 
  CONFIG_COMMANDS = 
  $ ./config.status --file=src/tsung-rrd.pl

on selee-dev.localdomain

config.status:762: creating src/tsung-rrd.pl

## ---------------------- ##
## Running config.status. ##
## ---------------------- ##

This file was extended by tsung config.status 1.4.2, which was
generated by GNU Autoconf 2.68.  Invocation command line was

  CONFIG_FILES    = 
  CONFIG_HEADERS  = 
  CONFIG_LINKS    = 
  CONFIG_COMMANDS = 
  $ ./config.status --file=examples/jabber_privacy.xml

on selee-dev.localdomain

config.status:762: creating examples/jabber_privacy.xml

## ---------------------- ##
## Running config.status. ##
## ---------------------- ##

This file was extended by tsung config.status 1.4.2, which was
generated by GNU Autoconf 2.68.  Invocation command line was

  CONFIG_FILES    = 
  CONFIG_HEADERS  = 
  CONFIG_LINKS    = 
  CONFIG_COMMANDS = 
  $ ./config.status --file=examples/jabber_register.xml

on selee-dev.localdomain

config.status:762: creating examples/jabber_register.xml

## ---------------------- ##
## Running config.status. ##
## ---------------------- ##

This file was extended by tsung config.status 1.4.2, which was
generated by GNU Autoconf 2.68.  Invocation command line was

  CONFIG_FILES    = 
  CONFIG_HEADERS  = 
  CONFIG_LINKS    = 
  CONFIG_COMMANDS = 
  $ ./config.status --file=examples/http_distributed.xml

on selee-dev.localdomain

config.status:762: creating examples/http_distributed.xml

## ---------------------- ##
## Running config.status. ##
## ---------------------- ##

This file was extended by tsung config.status 1.4.2, which was
generated by GNU Autoconf 2.68.  Invocation command line was

  CONFIG_FILES    = 
  CONFIG_HEADERS  = 
  CONFIG_LINKS    = 
  CONFIG_COMMANDS = 
  $ ./config.status --file=examples/jabber_roster.xml

on selee-dev.localdomain

config.status:762: creating examples/jabber_roster.xml

## ---------------------- ##
## Running config.status. ##
## ---------------------- ##

This file was extended by tsung config.status 1.4.2, which was
generated by GNU Autoconf 2.68.  Invocation command line was

  CONFIG_FILES    = 
  CONFIG_HEADERS  = 
  CONFIG_LINKS    = 
  CONFIG_COMMANDS = 
  $ ./config.status --file=examples/ldap.xml

on selee-dev.localdomain

config.status:762: creating examples/ldap.xml

## ---------------------- ##
## Running config.status. ##
## ---------------------- ##

This file was extended by tsung config.status 1.4.2, which was
generated by GNU Autoconf 2.68.  Invocation command line was

  CONFIG_FILES    = 
  CONFIG_HEADERS  = 
  CONFIG_LINKS    = 
  CONFIG_COMMANDS = 
  $ ./config.status --file=examples/fs-nfs.xml

on selee-dev.localdomain

config.status:762: creating examples/fs-nfs.xml

## ---------------------- ##
## Running config.status. ##
## ---------------------- ##

This file was extended by tsung config.status 1.4.2, which was
generated by GNU Autoconf 2.68.  Invocation command line was

  CONFIG_FILES    = 
  CONFIG_HEADERS  = 
  CONFIG_LINKS    = 
  CONFIG_COMMANDS = 
  $ ./config.status --file=examples/thinks.xml

on selee-dev.localdomain

config.status:762: creating examples/thinks.xml

## ---------------------- ##
## Running config.status. ##
## ---------------------- ##

This file was extended by tsung config.status 1.4.2, which was
generated by GNU Autoconf 2.68.  Invocation command line was

  CONFIG_FILES    = 
  CONFIG_HEADERS  = 
  CONFIG_LINKS    = 
  CONFIG_COMMANDS = 
  $ ./config.status --file=examples/jabber.xml

on selee-dev.localdomain

config.status:762: creating examples/jabber.xml

## ---------------------- ##
## Running config.status. ##
## ---------------------- ##

This file was extended by tsung config.status 1.4.2, which was
generated by GNU Autoconf 2.68.  Invocation command line was

  CONFIG_FILES    = 
  CONFIG_HEADERS  = 
  CONFIG_LINKS    = 
  CONFIG_COMMANDS = 
  $ ./config.status --file=examples/mysql.xml

on selee-dev.localdomain

config.status:762: creating examples/mysql.xml

## ---------------------- ##
## Running config.status. ##
## ---------------------- ##

This file was extended by tsung config.status 1.4.2, which was
generated by GNU Autoconf 2.68.  Invocation command line was

  CONFIG_FILES    = 
  CONFIG_HEADERS  = 
  CONFIG_LINKS    = 
  CONFIG_COMMANDS = 
  $ ./config.status --file=examples/thinks2.xml

on selee-dev.localdomain

config.status:762: creating examples/thinks2.xml

## ---------------------- ##
## Running config.status. ##
## ---------------------- ##

This file was extended by tsung config.status 1.4.2, which was
generated by GNU Autoconf 2.68.  Invocation command line was

  CONFIG_FILES    = 
  CONFIG_HEADERS  = 
  CONFIG_LINKS    = 
  CONFIG_COMMANDS = 
  $ ./config.status --file=examples/jabber_muc.xml

on selee-dev.localdomain

config.status:762: creating examples/jabber_muc.xml

## ---------------------- ##
## Running config.status. ##
## ---------------------- ##

This file was extended by tsung config.status 1.4.2, which was
generated by GNU Autoconf 2.68.  Invocation command line was

  CONFIG_FILES    = 
  CONFIG_HEADERS  = 
  CONFIG_LINKS    = 
  CONFIG_COMMANDS = 
  $ ./config.status --file=examples/pgsql.xml

on selee-dev.localdomain

config.status:762: creating examples/pgsql.xml

## ---------------------- ##
## Running config.status. ##
## ---------------------- ##

This file was extended by tsung config.status 1.4.2, which was
generated by GNU Autoconf 2.68.  Invocation command line was

  CONFIG_FILES    = 
  CONFIG_HEADERS  = 
  CONFIG_LINKS    = 
  CONFIG_COMMANDS = 
  $ ./config.status --file=examples/http_setdynvars.xml

on selee-dev.localdomain

config.status:762: creating examples/http_setdynvars.xml

## ---------------------- ##
## Running config.status. ##
## ---------------------- ##

This file was extended by tsung config.status 1.4.2, which was
generated by GNU Autoconf 2.68.  Invocation command line was

  CONFIG_FILES    = 
  CONFIG_HEADERS  = 
  CONFIG_LINKS    = 
  CONFIG_COMMANDS = 
  $ ./config.status --file=examples/http_simple.xml

on selee-dev.localdomain

config.status:762: creating examples/http_simple.xml
